<?xml version="1.0" encoding="UTF-8"?>
<!-- Generated by org.testng.reporters.JUnitReportReporter -->
<testsuite skipped="0" hostname="DESKTOP-0103EQT" name="PharmaAddon.Sampling" tests="1" failures="0" timestamp="2020-12-10T16:13:47 IST" time="108.112" errors="0">
  <testcase name="ItemSampling" time="108.112" classname="PharmaAddon.Sampling"/>
</testsuite> <!-- PharmaAddon.Sampling -->
