<?xml version="1.0" encoding="UTF-8"?>
<!-- Generated by org.testng.reporters.JUnitReportReporter -->
<testsuite skipped="0" hostname="DESKTOP-0103EQT" name="PharmaAddon.APInvoice" tests="1" failures="0" timestamp="2020-12-01T11:26:51 IST" time="10.743" errors="0">
  <testcase name="ApiInvoice" time="10.743" classname="PharmaAddon.APInvoice"/>
</testsuite> <!-- PharmaAddon.APInvoice -->
