<?xml version="1.0" encoding="UTF-8"?>
<!-- Generated by org.testng.reporters.JUnitReportReporter -->
<testsuite skipped="0" hostname="DESKTOP-0103EQT" name="PharmaAddon.AddonLogin" tests="1" failures="0" timestamp="2020-12-04T17:22:00 IST" time="63.694" errors="0">
  <testcase name="LoginAppconnectAdddon" time="63.694" classname="PharmaAddon.AddonLogin"/>
</testsuite> <!-- PharmaAddon.AddonLogin -->
