<?xml version="1.0" encoding="UTF-8"?>
<!-- Generated by org.testng.reporters.JUnitReportReporter -->
<testsuite skipped="0" hostname="DESKTOP-0103EQT" name="PharmaAddon.ItemCreation" tests="1" failures="0" timestamp="2020-12-03T13:32:20 IST" time="133.621" errors="0">
  <testcase name="CreateItem" time="133.621" classname="PharmaAddon.ItemCreation"/>
</testsuite> <!-- PharmaAddon.ItemCreation -->
