<?xml version="1.0" encoding="UTF-8"?>
<!-- Generated by org.testng.reporters.JUnitReportReporter -->
<testsuite skipped="0" hostname="DESKTOP-0103EQT" name="PharmaAddon.QualityCheck" tests="1" failures="0" timestamp="2020-12-10T16:18:52 IST" time="82.592" errors="0">
  <testcase name="QC" time="82.592" classname="PharmaAddon.QualityCheck"/>
</testsuite> <!-- PharmaAddon.QualityCheck -->
