<?xml version="1.0" encoding="UTF-8"?>
<!-- Generated by org.testng.reporters.JUnitReportReporter -->
<testsuite skipped="0" hostname="DESKTOP-0103EQT" name="PharmaAddon.PurchaseOrder" tests="1" failures="0" timestamp="2020-12-07T18:02:11 IST" time="111.115" errors="0">
  <testcase name="ContainerAlloc" time="111.115" classname="PharmaAddon.PurchaseOrder"/>
</testsuite> <!-- PharmaAddon.PurchaseOrder -->
