<?xml version="1.0" encoding="UTF-8"?>
<!-- Generated by org.testng.reporters.JUnitReportReporter -->
<testsuite skipped="0" hostname="DESKTOP-0103EQT" name="PharmaAddon.Batches" tests="1" failures="0" timestamp="2020-12-07T18:02:11 IST" time="21.950" errors="0">
  <testcase name="BatchCreation" time="21.950" classname="PharmaAddon.Batches"/>
</testsuite> <!-- PharmaAddon.Batches -->
