<?xml version="1.0" encoding="UTF-8"?>
<!-- Generated by org.testng.reporters.JUnitReportReporter -->
<testsuite skipped="0" hostname="DESKTOP-0103EQT" name="PharmaAddon.QualityMaster" tests="1" failures="0" timestamp="2020-12-10T16:13:47 IST" time="85.400" errors="0">
  <testcase name="QCSetup" time="85.400" classname="PharmaAddon.QualityMaster"/>
</testsuite> <!-- PharmaAddon.QualityMaster -->
